
tidy validating ./sjlvanq-nanoblog/atom.xml:

line 59 column 70 - Warning: unescaped & or unknown entity "&group_id"
line 59 column 86 - Warning: unescaped & or unknown entity "&atid"
2 warnings, 0 errors were found!


To learn more about HTML Tidy see http://tidy.sourceforge.net
Please fill bug reports and queries using the "tracker" on the Tidy web site.
Additionally, questions can be sent to html-tidy@w3.org
HTML and CSS specifications are available from http://www.w3.org/
Lobby your company to join W3C, see http://www.w3.org/Consortium

tidy validating ./sjlvanq-nanoblog/rss.xml:

No warnings or errors were found.


To learn more about HTML Tidy see http://tidy.sourceforge.net
Please fill bug reports and queries using the "tracker" on the Tidy web site.
Additionally, questions can be sent to html-tidy@w3.org
HTML and CSS specifications are available from http://www.w3.org/
Lobby your company to join W3C, see http://www.w3.org/Consortium

tidy validating ./sjlvanq-nanoblog/articles/example/index.html:

line 64 column 1 - Warning: inserting implicit <p>
line 64 column 1 - Warning: trimming empty <p>
Info: Doctype given is "-//W3C//DTD XHTML 1.1//EN"
Info: Document content looks like XHTML 1.1
2 warnings, 0 errors were found!


To learn more about HTML Tidy see http://tidy.sourceforge.net
Please fill bug reports and queries using the "tracker" on the Tidy web site.
Additionally, questions can be sent to html-tidy@w3.org
HTML and CSS specifications are available from http://www.w3.org/
Lobby your company to join W3C, see http://www.w3.org/Consortium

tidy validating ./sjlvanq-nanoblog/archives/index.html:

Info: Doctype given is "-//W3C//DTD XHTML 1.1//EN"
Info: Document content looks like XHTML 1.1
No warnings or errors were found.


To learn more about HTML Tidy see http://tidy.sourceforge.net
Please fill bug reports and queries using the "tracker" on the Tidy web site.
Additionally, questions can be sent to html-tidy@w3.org
HTML and CSS specifications are available from http://www.w3.org/
Lobby your company to join W3C, see http://www.w3.org/Consortium

tidy validating ./sjlvanq-nanoblog/archives/nanoblogger-help/index.html:

Info: Doctype given is "-//W3C//DTD XHTML 1.1//EN"
Info: Document content looks like XHTML 1.1
No warnings or errors were found.


To learn more about HTML Tidy see http://tidy.sourceforge.net
Please fill bug reports and queries using the "tracker" on the Tidy web site.
Additionally, questions can be sent to html-tidy@w3.org
HTML and CSS specifications are available from http://www.w3.org/
Lobby your company to join W3C, see http://www.w3.org/Consortium

tidy validating ./sjlvanq-nanoblog/archives/2015/index.html:

Info: Doctype given is "-//W3C//DTD XHTML 1.1//EN"
Info: Document content looks like XHTML 1.1
No warnings or errors were found.


To learn more about HTML Tidy see http://tidy.sourceforge.net
Please fill bug reports and queries using the "tracker" on the Tidy web site.
Additionally, questions can be sent to html-tidy@w3.org
HTML and CSS specifications are available from http://www.w3.org/
Lobby your company to join W3C, see http://www.w3.org/Consortium

tidy validating ./sjlvanq-nanoblog/archives/2015/10/index.html:

line 63 column 1 - Warning: plain text isn't allowed in <tr> elements
line 53 column 1 - Info: <tr> previously mentioned
line 144 column 70 - Warning: unescaped & or unknown entity "&group_id"
line 144 column 86 - Warning: unescaped & or unknown entity "&atid"
Info: Doctype given is "-//W3C//DTD XHTML 1.1//EN"
Info: Document content looks like XHTML 1.1
3 warnings, 0 errors were found!


To learn more about HTML Tidy see http://tidy.sourceforge.net
Please fill bug reports and queries using the "tracker" on the Tidy web site.
Additionally, questions can be sent to html-tidy@w3.org
HTML and CSS specifications are available from http://www.w3.org/
Lobby your company to join W3C, see http://www.w3.org/Consortium

tidy validating ./sjlvanq-nanoblog/archives/2015/10/05/welcome_to_nanoblogger_3_4_2/index.html:

line 86 column 70 - Warning: unescaped & or unknown entity "&group_id"
line 86 column 86 - Warning: unescaped & or unknown entity "&atid"
Info: Doctype given is "-//W3C//DTD XHTML 1.1//EN"
Info: Document content looks like XHTML 1.1
2 warnings, 0 errors were found!


To learn more about HTML Tidy see http://tidy.sourceforge.net
Please fill bug reports and queries using the "tracker" on the Tidy web site.
Additionally, questions can be sent to html-tidy@w3.org
HTML and CSS specifications are available from http://www.w3.org/
Lobby your company to join W3C, see http://www.w3.org/Consortium

tidy validating ./sjlvanq-nanoblog/index.html:

line 63 column 1 - Warning: plain text isn't allowed in <tr> elements
line 53 column 1 - Info: <tr> previously mentioned
line 204 column 70 - Warning: unescaped & or unknown entity "&group_id"
line 204 column 86 - Warning: unescaped & or unknown entity "&atid"
Info: Doctype given is "-//W3C//DTD XHTML 1.1//EN"
Info: Document content looks like XHTML 1.1
3 warnings, 0 errors were found!


To learn more about HTML Tidy see http://tidy.sourceforge.net
Please fill bug reports and queries using the "tracker" on the Tidy web site.
Additionally, questions can be sent to html-tidy@w3.org
HTML and CSS specifications are available from http://www.w3.org/
Lobby your company to join W3C, see http://www.w3.org/Consortium
